2024-10-28 00:47:13 - === Starting script to check if frontserver and cori are running ===
2024-10-28 00:47:13 - Checking for frontserver process...
2024-10-28 00:47:13 - frontserver is not running.
2024-10-28 00:47:13 - Starting frontserver with command: node /xd1/homes/hash/23/97/a19723/05/49/u184905/bin7/frontserver.js
2024-10-28 00:47:13 - frontserver started.
2024-10-28 00:47:13 - Checking for cori process...
2024-10-28 00:47:13 - cori is already running.
2024-10-28 00:47:13 - === Script execution finished ===
2024-10-28 00:50:01 - === Starting script to check if frontserver and cori are running ===
2024-10-28 00:50:01 - Checking for frontserver process...
2024-10-28 00:50:01 - frontserver is already running.
2024-10-28 00:50:01 - Checking for cori process...
2024-10-28 00:50:01 - cori is already running.
2024-10-28 00:50:01 - === Script execution finished ===
2024-10-28 00:55:01 - === Starting script to check if frontserver and cori are running ===
2024-10-28 00:55:01 - Checking for frontserver process...
2024-10-28 00:55:01 - frontserver is already running.
2024-10-28 00:55:01 - Checking if port 3000 is being used by cori...
2024-10-28 00:55:01 - Port 3000 is not in use. Starting cori with nohup...
2024-10-28 00:55:02 - cori started with nohup.
2024-10-28 00:55:02 - === Script execution finished ===
2024-10-28 00:55:32 - === Starting script to check if frontserver and cori are running ===
2024-10-28 00:55:33 - Checking for frontserver process...
2024-10-28 00:55:33 - frontserver is already running.
2024-10-28 00:55:33 - Checking if port 3000 is being used by cori...
2024-10-28 00:55:33 - Port 3000 is not in use. Starting cori with nohup...
2024-10-28 00:55:33 - cori started with nohup.
2024-10-28 00:55:33 - === Script execution finished ===
2024-10-28 01:00:01 - === Starting script to check if frontserver and cori are running ===
2024-10-28 01:00:01 - Checking for frontserver process...
2024-10-28 01:00:01 - frontserver is already running.
2024-10-28 01:00:01 - Checking if port 3000 is being used by cori...
2024-10-28 01:00:01 - Port 3000 is already in use. cori is likely running.
2024-10-28 01:00:01 - === Script execution finished ===
2024-10-28 01:05:01 - === Starting script to check if frontserver and cori are running ===
2024-10-28 01:05:01 - Checking for frontserver process...
2024-10-28 01:05:01 - frontserver is already running.
2024-10-28 01:05:01 - Checking if port 3000 is being used by cori...
2024-10-28 01:05:01 - Port 3000 is already in use. cori is likely running.
2024-10-28 01:05:01 - === Script execution finished ===
2024-10-28 01:10:02 - === Starting script to check if frontserver and cori are running ===
2024-10-28 01:10:02 - Checking for frontserver process...
2024-10-28 01:10:02 - frontserver is already running.
2024-10-28 01:10:02 - Checking if port 3000 is being used by cori...
2024-10-28 01:10:02 - Port 3000 is already in use. cori is likely running.
2024-10-28 01:10:02 - === Script execution finished ===
2024-10-28 01:15:01 - === Starting script to check if frontserver and cori are running ===
2024-10-28 01:15:01 - Checking for frontserver process...
2024-10-28 01:15:01 - frontserver is already running.
2024-10-28 01:15:01 - Checking if port 3000 is being used by cori...
2024-10-28 01:15:01 - Port 3000 is already in use. cori is likely running.
2024-10-28 01:15:01 - === Script execution finished ===
2024-10-28 01:20:01 - === Starting script to check if frontserver and cori are running ===
2024-10-28 01:20:01 - Checking for frontserver process...
2024-10-28 01:20:01 - frontserver is already running.
2024-10-28 01:20:01 - Checking if port 3000 is being used by cori...
2024-10-28 01:20:01 - Port 3000 is already in use. cori is likely running.
2024-10-28 01:20:01 - === Script execution finished ===
2024-10-28 01:20:18 - === Starting script to check if frontserver and cori are running ===
2024-10-28 01:20:18 - Checking for frontserver process...
2024-10-28 01:20:18 - frontserver is already running.
2024-10-28 01:20:18 - Checking if port 3000 is being used by cori...
2024-10-28 01:20:19 - Port 3000 is not in use. Starting cori with nohup...
2024-10-28 01:20:19 - cori started with nohup.
2024-10-28 01:20:19 - === Script execution finished ===
2024-10-28 01:25:01 - === Starting script to check if frontserver and cori are running ===
2024-10-28 01:25:01 - Checking for frontserver process...
2024-10-28 01:25:01 - frontserver is already running.
2024-10-28 01:25:01 - Checking if port 3000 is being used by cori...
2024-10-28 01:25:01 - Port 3000 is already in use. cori is likely running.
2024-10-28 01:25:01 - === Script execution finished ===
2024-10-28 01:29:24 - === Starting script to check if frontserver and cori are running ===
2024-10-28 01:29:24 - Checking for frontserver process...
2024-10-28 01:29:24 - frontserver is already running.
2024-10-28 01:29:24 - Checking if port 3000 is being used by cori...
2024-10-28 01:29:24 - Port 3000 is not in use. Starting cori with nohup...
2024-10-28 01:29:24 - cori started with nohup.
2024-10-28 01:29:24 - === Script execution finished ===
2024-10-28 01:30:01 - === Starting script to check if frontserver and cori are running ===
2024-10-28 01:30:01 - Checking for frontserver process...
2024-10-28 01:30:01 - frontserver is already running.
2024-10-28 01:30:01 - Checking if port 3000 is being used by cori...
2024-10-28 01:30:01 - Port 3000 is already in use. cori is likely running.
2024-10-28 01:30:01 - === Script execution finished ===
2024-10-28 01:31:36 - === Starting script to check if frontserver and cori are running ===
2024-10-28 01:31:36 - Checking for frontserver process...
2024-10-28 01:31:36 - frontserver is already running.
2024-10-28 01:31:36 - Checking if port 3000 is being used by cori...
2024-10-28 01:31:36 - Port 3000 is not in use. Starting cori with nohup...
2024-10-28 01:31:36 - cori started with nohup.
2024-10-28 01:31:36 - === Script execution finished ===
2024-10-28 01:33:27 - === Starting script to check if frontserver and cori are running ===
2024-10-28 01:33:27 - Checking for frontserver process...
2024-10-28 01:33:27 - frontserver is already running.
2024-10-28 01:33:27 - Checking if port 3000 is being used by cori...
2024-10-28 01:33:27 - Port 3000 is not in use. Starting cori with nohup...
2024-10-28 01:33:27 - cori started with nohup.
2024-10-28 01:33:27 - === Script execution finished ===
2024-10-28 01:35:01 - === Starting script to check if frontserver and cori are running ===
2024-10-28 01:35:01 - Checking for frontserver process...
2024-10-28 01:35:01 - frontserver is already running.
2024-10-28 01:35:01 - Checking if port 3000 is being used by cori...
2024-10-28 01:35:01 - Port 3000 is already in use. cori is likely running.
2024-10-28 01:35:01 - === Script execution finished ===
2024-10-28 01:40:01 - === Starting script to check if frontserver and cori are running ===
2024-10-28 01:40:01 - Checking for frontserver process...
2024-10-28 01:40:01 - frontserver is already running.
2024-10-28 01:40:01 - Checking if port 3000 is being used by cori...
2024-10-28 01:40:01 - Port 3000 is already in use. cori is likely running.
2024-10-28 01:40:01 - === Script execution finished ===
2024-10-28 01:40:44 - === Starting script to check if frontserver and cori are running ===
2024-10-28 01:40:44 - Checking for frontserver process...
2024-10-28 01:40:44 - frontserver is already running.
2024-10-28 01:40:44 - Checking if port 3000 is being used by cori...
2024-10-28 01:40:45 - Port 3000 is not in use. Starting cori with nohup...
2024-10-28 01:40:45 - cori started with nohup.
2024-10-28 01:40:45 - === Script execution finished ===
2024-10-28 01:45:01 - === Starting script to check if frontserver and cori are running ===
2024-10-28 01:45:01 - Checking for frontserver process...
2024-10-28 01:45:01 - frontserver is already running.
2024-10-28 01:45:01 - Checking if port 3000 is being used by cori...
2024-10-28 01:45:02 - Port 3000 is already in use. cori is likely running.
2024-10-28 01:45:02 - === Script execution finished ===
2024-10-28 01:45:12 - === Starting script to check if frontserver and cori are running ===
2024-10-28 01:45:12 - Checking for frontserver process...
2024-10-28 01:45:12 - frontserver is already running.
2024-10-28 01:45:12 - Checking if port 3000 is being used by cori...
2024-10-28 01:45:12 - Port 3000 is not in use. Starting cori with nohup...
2024-10-28 01:45:12 - cori started with nohup.
2024-10-28 01:45:12 - === Script execution finished ===
2024-10-28 01:50:01 - === Starting script to check if frontserver and cori are running ===
2024-10-28 01:50:01 - Checking for frontserver process...
2024-10-28 01:50:01 - frontserver is already running.
2024-10-28 01:50:01 - Checking if port 3000 is being used by cori...
2024-10-28 01:50:02 - Port 3000 is already in use. cori is likely running.
2024-10-28 01:50:02 - === Script execution finished ===
2024-10-28 01:51:11 - === Starting script to check if frontserver and cori are running ===
2024-10-28 01:51:11 - Checking for frontserver process...
2024-10-28 01:51:11 - frontserver is already running.
2024-10-28 01:51:11 - Checking if port 3000 is being used by cori...
2024-10-28 01:51:11 - Port 3000 is not in use. Starting cori with nohup...
2024-10-28 01:51:11 - cori started with nohup.
2024-10-28 01:51:11 - === Script execution finished ===
2024-10-28 01:55:01 - === Starting script to check if frontserver and cori are running ===
2024-10-28 01:55:01 - Checking for frontserver process...
2024-10-28 01:55:01 - frontserver is already running.
2024-10-28 01:55:01 - Checking if port 3000 is being used by cori...
2024-10-28 01:55:02 - Port 3000 is already in use. cori is likely running.
2024-10-28 01:55:02 - === Script execution finished ===
2024-10-28 02:00:01 - === Starting script to check if frontserver and cori are running ===
2024-10-28 02:00:01 - Checking for frontserver process...
2024-10-28 02:00:01 - frontserver is already running.
2024-10-28 02:00:01 - Checking if port 3000 is being used by cori...
2024-10-28 02:00:01 - Port 3000 is already in use. cori is likely running.
2024-10-28 02:00:01 - === Script execution finished ===
2024-10-28 02:05:01 - === Starting script to check if frontserver and cori are running ===
2024-10-28 02:05:01 - Checking for frontserver process...
2024-10-28 02:05:01 - frontserver is already running.
2024-10-28 02:05:01 - Checking if port 3000 is being used by cori...
2024-10-28 02:05:01 - Port 3000 is already in use. cori is likely running.
2024-10-28 02:05:01 - === Script execution finished ===
2024-10-28 02:10:01 - === Starting script to check if frontserver and cori are running ===
2024-10-28 02:10:01 - Checking for frontserver process...
2024-10-28 02:10:01 - frontserver is already running.
2024-10-28 02:10:01 - Checking if port 3000 is being used by cori...
2024-10-28 02:10:02 - Port 3000 is already in use. cori is likely running.
2024-10-28 02:10:02 - === Script execution finished ===
2024-10-28 02:14:14 - === Starting script to check if frontserver and cori are running ===
2024-10-28 02:14:14 - Checking for frontserver process...
2024-10-28 02:14:14 - frontserver is not running.
2024-10-28 02:14:14 - Starting frontserver with nohup...
2024-10-28 02:14:14 - frontserver started with nohup.
2024-10-28 02:14:14 - Checking if port 3000 is being used by cori...
2024-10-28 02:14:14 - Port 3000 is already in use. cori is likely running.
2024-10-28 02:14:14 - === Script execution finished ===
2024-10-28 02:15:01 - === Starting script to check if frontserver and cori are running ===
2024-10-28 02:15:01 - Checking for frontserver process...
2024-10-28 02:15:01 - frontserver is already running.
2024-10-28 02:15:01 - Checking if port 3000 is being used by cori...
2024-10-28 02:15:01 - Port 3000 is already in use. cori is likely running.
2024-10-28 02:15:01 - === Script execution finished ===
2024-10-28 02:20:01 - === Starting script to check if frontserver and cori are running ===
2024-10-28 02:20:01 - Checking for frontserver process...
2024-10-28 02:20:01 - frontserver is already running.
2024-10-28 02:20:01 - Checking if port 3000 is being used by cori...
2024-10-28 02:20:01 - Port 3000 is already in use. cori is likely running.
2024-10-28 02:20:01 - === Script execution finished ===
2024-10-28 02:25:01 - === Starting script to check if frontserver and cori are running ===
2024-10-28 02:25:01 - Checking for frontserver process...
2024-10-28 02:25:01 - frontserver is already running.
2024-10-28 02:25:01 - Checking if port 3000 is being used by cori...
2024-10-28 02:25:01 - Port 3000 is already in use. cori is likely running.
2024-10-28 02:25:01 - === Script execution finished ===
2024-10-28 02:30:01 - === Starting script to check if frontserver and cori are running ===
2024-10-28 02:30:01 - Checking for frontserver process...
2024-10-28 02:30:01 - frontserver is already running.
2024-10-28 02:30:01 - Checking if port 3000 is being used by cori...
2024-10-28 02:30:01 - Port 3000 is already in use. cori is likely running.
2024-10-28 02:30:01 - === Script execution finished ===
2024-10-28 02:35:01 - === Starting script to check if frontserver and cori are running ===
2024-10-28 02:35:01 - Checking for frontserver process...
2024-10-28 02:35:01 - frontserver is already running.
2024-10-28 02:35:01 - Checking if port 3000 is being used by cori...
2024-10-28 02:35:01 - Port 3000 is already in use. cori is likely running.
2024-10-28 02:35:01 - === Script execution finished ===
2024-10-28 02:40:01 - === Starting script to check if frontserver and cori are running ===
2024-10-28 02:40:01 - Checking for frontserver process...
2024-10-28 02:40:01 - frontserver is already running.
2024-10-28 02:40:01 - Checking if port 3000 is being used by cori...
2024-10-28 02:40:01 - Port 3000 is already in use. cori is likely running.
2024-10-28 02:40:01 - === Script execution finished ===
2024-10-28 02:45:01 - === Starting script to check if frontserver and cori are running ===
2024-10-28 02:45:01 - Checking for frontserver process...
2024-10-28 02:45:01 - frontserver is already running.
2024-10-28 02:45:01 - Checking if port 3000 is being used by cori...
2024-10-28 02:45:01 - Port 3000 is already in use. cori is likely running.
2024-10-28 02:45:01 - === Script execution finished ===
2024-10-28 02:50:01 - === Starting script to check if frontserver and cori are running ===
2024-10-28 02:50:01 - Checking for frontserver process...
2024-10-28 02:50:01 - frontserver is already running.
2024-10-28 02:50:01 - Checking if port 3000 is being used by cori...
2024-10-28 02:50:01 - Port 3000 is already in use. cori is likely running.
2024-10-28 02:50:01 - === Script execution finished ===
2024-10-28 02:55:01 - === Starting script to check if frontserver and cori are running ===
2024-10-28 02:55:01 - Checking for frontserver process...
2024-10-28 02:55:01 - frontserver is already running.
2024-10-28 02:55:01 - Checking if port 3000 is being used by cori...
2024-10-28 02:55:02 - Port 3000 is already in use. cori is likely running.
2024-10-28 02:55:02 - === Script execution finished ===
2024-10-28 03:00:01 - === Starting script to check if frontserver and cori are running ===
2024-10-28 03:00:01 - Checking for frontserver process...
2024-10-28 03:00:01 - frontserver is already running.
2024-10-28 03:00:01 - Checking if port 3000 is being used by cori...
2024-10-28 03:00:01 - Port 3000 is already in use. cori is likely running.
2024-10-28 03:00:01 - === Script execution finished ===
2024-10-28 03:05:01 - === Starting script to check if frontserver and cori are running ===
2024-10-28 03:05:01 - Checking for frontserver process...
2024-10-28 03:05:01 - frontserver is already running.
2024-10-28 03:05:01 - Checking if port 3000 is being used by cori...
2024-10-28 03:05:02 - Port 3000 is already in use. cori is likely running.
2024-10-28 03:05:02 - === Script execution finished ===
2024-10-28 03:10:01 - === Starting script to check if frontserver and cori are running ===
2024-10-28 03:10:01 - Checking for frontserver process...
2024-10-28 03:10:01 - frontserver is already running.
2024-10-28 03:10:01 - Checking if port 3000 is being used by cori...
2024-10-28 03:10:01 - Port 3000 is already in use. cori is likely running.
2024-10-28 03:10:01 - === Script execution finished ===
2024-10-28 03:15:01 - === Starting script to check if frontserver and cori are running ===
2024-10-28 03:15:01 - Checking for frontserver process...
2024-10-28 03:15:01 - frontserver is already running.
2024-10-28 03:15:01 - Checking if port 3000 is being used by cori...
2024-10-28 03:15:01 - Port 3000 is already in use. cori is likely running.
2024-10-28 03:15:01 - === Script execution finished ===
2024-10-28 03:20:01 - === Starting script to check if frontserver and cori are running ===
2024-10-28 03:20:01 - Checking for frontserver process...
2024-10-28 03:20:01 - frontserver is already running.
2024-10-28 03:20:01 - Checking if port 3000 is being used by cori...
2024-10-28 03:20:01 - Port 3000 is already in use. cori is likely running.
2024-10-28 03:20:01 - === Script execution finished ===
2024-10-28 03:25:01 - === Starting script to check if frontserver and cori are running ===
2024-10-28 03:25:01 - Checking for frontserver process...
2024-10-28 03:25:01 - frontserver is already running.
2024-10-28 03:25:01 - Checking if port 3000 is being used by cori...
2024-10-28 03:25:01 - Port 3000 is already in use. cori is likely running.
2024-10-28 03:25:01 - === Script execution finished ===
2024-10-28 03:30:01 - === Starting script to check if frontserver and cori are running ===
2024-10-28 03:30:01 - Checking for frontserver process...
2024-10-28 03:30:01 - frontserver is already running.
2024-10-28 03:30:01 - Checking if port 3000 is being used by cori...
2024-10-28 03:30:01 - Port 3000 is already in use. cori is likely running.
2024-10-28 03:30:01 - === Script execution finished ===
2024-10-28 03:35:01 - === Starting script to check if frontserver and cori are running ===
2024-10-28 03:35:01 - Checking for frontserver process...
2024-10-28 03:35:01 - frontserver is already running.
2024-10-28 03:35:01 - Checking if port 3000 is being used by cori...
2024-10-28 03:35:02 - Port 3000 is already in use. cori is likely running.
2024-10-28 03:35:02 - === Script execution finished ===
2024-10-28 03:40:01 - === Starting script to check if frontserver and cori are running ===
2024-10-28 03:40:01 - Checking for frontserver process...
2024-10-28 03:40:01 - frontserver is already running.
2024-10-28 03:40:01 - Checking if port 3000 is being used by cori...
2024-10-28 03:40:02 - Port 3000 is already in use. cori is likely running.
2024-10-28 03:40:02 - === Script execution finished ===
2024-10-28 03:45:01 - === Starting script to check if frontserver and cori are running ===
2024-10-28 03:45:01 - Checking for frontserver process...
2024-10-28 03:45:01 - frontserver is already running.
2024-10-28 03:45:01 - Checking if port 3000 is being used by cori...
2024-10-28 03:45:02 - Port 3000 is already in use. cori is likely running.
2024-10-28 03:45:02 - === Script execution finished ===
2024-10-28 03:50:01 - === Starting script to check if frontserver and cori are running ===
2024-10-28 03:50:01 - Checking for frontserver process...
2024-10-28 03:50:01 - frontserver is already running.
2024-10-28 03:50:01 - Checking if port 3000 is being used by cori...
2024-10-28 03:50:01 - Port 3000 is already in use. cori is likely running.
2024-10-28 03:50:01 - === Script execution finished ===
2024-10-28 03:55:01 - === Starting script to check if frontserver and cori are running ===
2024-10-28 03:55:01 - Checking for frontserver process...
2024-10-28 03:55:01 - frontserver is already running.
2024-10-28 03:55:01 - Checking if port 3000 is being used by cori...
2024-10-28 03:55:01 - Port 3000 is already in use. cori is likely running.
2024-10-28 03:55:01 - === Script execution finished ===
2024-10-28 04:00:01 - === Starting script to check if frontserver and cori are running ===
2024-10-28 04:00:01 - Checking for frontserver process...
2024-10-28 04:00:01 - frontserver is already running.
2024-10-28 04:00:01 - Checking if port 3000 is being used by cori...
2024-10-28 04:00:01 - Port 3000 is already in use. cori is likely running.
2024-10-28 04:00:01 - === Script execution finished ===
2024-10-28 04:05:01 - === Starting script to check if frontserver and cori are running ===
2024-10-28 04:05:01 - Checking for frontserver process...
2024-10-28 04:05:01 - frontserver is already running.
2024-10-28 04:05:01 - Checking if port 3000 is being used by cori...
2024-10-28 04:05:01 - Port 3000 is already in use. cori is likely running.
2024-10-28 04:05:01 - === Script execution finished ===
2024-10-28 04:10:01 - === Starting script to check if frontserver and cori are running ===
2024-10-28 04:10:01 - Checking for frontserver process...
2024-10-28 04:10:01 - frontserver is already running.
2024-10-28 04:10:01 - Checking if port 3000 is being used by cori...
2024-10-28 04:10:01 - Port 3000 is already in use. cori is likely running.
2024-10-28 04:10:01 - === Script execution finished ===
2024-10-28 04:15:01 - === Starting script to check if frontserver and cori are running ===
2024-10-28 04:15:01 - Checking for frontserver process...
2024-10-28 04:15:01 - frontserver is already running.
2024-10-28 04:15:01 - Checking if port 3000 is being used by cori...
2024-10-28 04:15:01 - Port 3000 is already in use. cori is likely running.
2024-10-28 04:15:01 - === Script execution finished ===
2024-10-28 04:20:01 - === Starting script to check if frontserver and cori are running ===
2024-10-28 04:20:01 - Checking for frontserver process...
2024-10-28 04:20:01 - frontserver is already running.
2024-10-28 04:20:01 - Checking if port 3000 is being used by cori...
2024-10-28 04:20:01 - Port 3000 is already in use. cori is likely running.
2024-10-28 04:20:01 - === Script execution finished ===
2024-10-28 04:25:01 - === Starting script to check if frontserver and cori are running ===
2024-10-28 04:25:01 - Checking for frontserver process...
2024-10-28 04:25:01 - frontserver is already running.
2024-10-28 04:25:01 - Checking if port 3000 is being used by cori...
2024-10-28 04:25:01 - Port 3000 is already in use. cori is likely running.
2024-10-28 04:25:01 - === Script execution finished ===
2024-10-28 04:30:01 - === Starting script to check if frontserver and cori are running ===
2024-10-28 04:30:01 - Checking for frontserver process...
2024-10-28 04:30:01 - frontserver is already running.
2024-10-28 04:30:01 - Checking if port 3000 is being used by cori...
2024-10-28 04:30:01 - Port 3000 is already in use. cori is likely running.
2024-10-28 04:30:01 - === Script execution finished ===
2024-10-28 04:35:01 - === Starting script to check if frontserver and cori are running ===
2024-10-28 04:35:01 - Checking for frontserver process...
2024-10-28 04:35:01 - frontserver is already running.
2024-10-28 04:35:01 - Checking if port 3000 is being used by cori...
2024-10-28 04:35:01 - Port 3000 is already in use. cori is likely running.
2024-10-28 04:35:01 - === Script execution finished ===
2024-10-28 04:40:01 - === Starting script to check if frontserver and cori are running ===
2024-10-28 04:40:01 - Checking for frontserver process...
2024-10-28 04:40:01 - frontserver is already running.
2024-10-28 04:40:01 - Checking if port 3000 is being used by cori...
2024-10-28 04:40:01 - Port 3000 is already in use. cori is likely running.
2024-10-28 04:40:01 - === Script execution finished ===
2024-10-28 04:45:01 - === Starting script to check if frontserver and cori are running ===
2024-10-28 04:45:01 - Checking for frontserver process...
2024-10-28 04:45:01 - frontserver is already running.
2024-10-28 04:45:01 - Checking if port 3000 is being used by cori...
2024-10-28 04:45:01 - Port 3000 is already in use. cori is likely running.
2024-10-28 04:45:01 - === Script execution finished ===
2024-10-28 04:50:01 - === Starting script to check if frontserver and cori are running ===
2024-10-28 04:50:01 - Checking for frontserver process...
2024-10-28 04:50:01 - frontserver is already running.
2024-10-28 04:50:01 - Checking if port 3000 is being used by cori...
2024-10-28 04:50:01 - Port 3000 is already in use. cori is likely running.
2024-10-28 04:50:01 - === Script execution finished ===
2024-10-28 04:55:01 - === Starting script to check if frontserver and cori are running ===
2024-10-28 04:55:01 - Checking for frontserver process...
2024-10-28 04:55:01 - frontserver is already running.
2024-10-28 04:55:01 - Checking if port 3000 is being used by cori...
2024-10-28 04:55:01 - Port 3000 is already in use. cori is likely running.
2024-10-28 04:55:01 - === Script execution finished ===
2024-10-28 05:00:01 - === Starting script to check if frontserver and cori are running ===
2024-10-28 05:00:01 - Checking for frontserver process...
2024-10-28 05:00:02 - frontserver is already running.
2024-10-28 05:00:02 - Checking if port 3000 is being used by cori...
2024-10-28 05:00:02 - Port 3000 is already in use. cori is likely running.
2024-10-28 05:00:02 - === Script execution finished ===
2024-10-28 05:05:01 - === Starting script to check if frontserver and cori are running ===
2024-10-28 05:05:01 - Checking for frontserver process...
2024-10-28 05:05:01 - frontserver is already running.
2024-10-28 05:05:01 - Checking if port 3000 is being used by cori...
2024-10-28 05:05:01 - Port 3000 is already in use. cori is likely running.
2024-10-28 05:05:01 - === Script execution finished ===
2024-10-28 05:10:01 - === Starting script to check if frontserver and cori are running ===
2024-10-28 05:10:01 - Checking for frontserver process...
2024-10-28 05:10:01 - frontserver is already running.
2024-10-28 05:10:01 - Checking if port 3000 is being used by cori...
2024-10-28 05:10:01 - Port 3000 is already in use. cori is likely running.
2024-10-28 05:10:01 - === Script execution finished ===
2024-10-28 05:15:01 - === Starting script to check if frontserver and cori are running ===
2024-10-28 05:15:01 - Checking for frontserver process...
2024-10-28 05:15:01 - frontserver is already running.
2024-10-28 05:15:01 - Checking if port 3000 is being used by cori...
2024-10-28 05:15:01 - Port 3000 is already in use. cori is likely running.
2024-10-28 05:15:01 - === Script execution finished ===
2024-10-28 05:20:01 - === Starting script to check if frontserver and cori are running ===
2024-10-28 05:20:01 - Checking for frontserver process...
2024-10-28 05:20:01 - frontserver is already running.
2024-10-28 05:20:01 - Checking if port 3000 is being used by cori...
2024-10-28 05:20:01 - Port 3000 is already in use. cori is likely running.
2024-10-28 05:20:01 - === Script execution finished ===
2024-10-28 05:25:01 - === Starting script to check if frontserver and cori are running ===
2024-10-28 05:25:01 - Checking for frontserver process...
2024-10-28 05:25:01 - frontserver is already running.
2024-10-28 05:25:01 - Checking if port 3000 is being used by cori...
2024-10-28 05:25:01 - Port 3000 is already in use. cori is likely running.
2024-10-28 05:25:01 - === Script execution finished ===
2024-10-28 05:30:02 - === Starting script to check if frontserver and cori are running ===
2024-10-28 05:30:02 - Checking for frontserver process...
2024-10-28 05:30:02 - frontserver is already running.
2024-10-28 05:30:02 - Checking if port 3000 is being used by cori...
2024-10-28 05:30:02 - Port 3000 is already in use. cori is likely running.
2024-10-28 05:30:02 - === Script execution finished ===
2024-10-28 05:35:01 - === Starting script to check if frontserver and cori are running ===
2024-10-28 05:35:01 - Checking for frontserver process...
2024-10-28 05:35:01 - frontserver is already running.
2024-10-28 05:35:01 - Checking if port 3000 is being used by cori...
2024-10-28 05:35:01 - Port 3000 is already in use. cori is likely running.
2024-10-28 05:35:01 - === Script execution finished ===
2024-10-28 05:40:01 - === Starting script to check if frontserver and cori are running ===
2024-10-28 05:40:01 - Checking for frontserver process...
2024-10-28 05:40:01 - frontserver is already running.
2024-10-28 05:40:01 - Checking if port 3000 is being used by cori...
2024-10-28 05:40:01 - Port 3000 is already in use. cori is likely running.
2024-10-28 05:40:01 - === Script execution finished ===
2024-10-28 05:45:01 - === Starting script to check if frontserver and cori are running ===
2024-10-28 05:45:01 - Checking for frontserver process...
2024-10-28 05:45:01 - frontserver is already running.
2024-10-28 05:45:01 - Checking if port 3000 is being used by cori...
2024-10-28 05:45:01 - Port 3000 is already in use. cori is likely running.
2024-10-28 05:45:01 - === Script execution finished ===
2024-10-28 05:50:01 - === Starting script to check if frontserver and cori are running ===
2024-10-28 05:50:01 - Checking for frontserver process...
2024-10-28 05:50:01 - frontserver is already running.
2024-10-28 05:50:01 - Checking if port 3000 is being used by cori...
2024-10-28 05:50:01 - Port 3000 is already in use. cori is likely running.
2024-10-28 05:50:01 - === Script execution finished ===
2024-10-28 05:55:01 - === Starting script to check if frontserver and cori are running ===
2024-10-28 05:55:01 - Checking for frontserver process...
2024-10-28 05:55:01 - frontserver is already running.
2024-10-28 05:55:01 - Checking if port 3000 is being used by cori...
2024-10-28 05:55:01 - Port 3000 is already in use. cori is likely running.
2024-10-28 05:55:01 - === Script execution finished ===
2024-10-28 06:00:01 - === Starting script to check if frontserver and cori are running ===
2024-10-28 06:00:01 - Checking for frontserver process...
2024-10-28 06:00:01 - frontserver is already running.
2024-10-28 06:00:01 - Checking if port 3000 is being used by cori...
2024-10-28 06:00:01 - Port 3000 is already in use. cori is likely running.
2024-10-28 06:00:01 - === Script execution finished ===
2024-10-28 06:05:01 - === Starting script to check if frontserver and cori are running ===
2024-10-28 06:05:01 - Checking for frontserver process...
2024-10-28 06:05:01 - frontserver is already running.
2024-10-28 06:05:01 - Checking if port 3000 is being used by cori...
2024-10-28 06:05:01 - Port 3000 is already in use. cori is likely running.
2024-10-28 06:05:01 - === Script execution finished ===
2024-10-28 06:10:01 - === Starting script to check if frontserver and cori are running ===
2024-10-28 06:10:01 - Checking for frontserver process...
2024-10-28 06:10:01 - frontserver is already running.
2024-10-28 06:10:01 - Checking if port 3000 is being used by cori...
2024-10-28 06:10:01 - Port 3000 is already in use. cori is likely running.
2024-10-28 06:10:01 - === Script execution finished ===
2024-10-28 06:15:01 - === Starting script to check if frontserver and cori are running ===
2024-10-28 06:15:01 - Checking for frontserver process...
2024-10-28 06:15:01 - frontserver is already running.
2024-10-28 06:15:01 - Checking if port 3000 is being used by cori...
2024-10-28 06:15:01 - Port 3000 is already in use. cori is likely running.
2024-10-28 06:15:01 - === Script execution finished ===
2024-10-28 06:20:01 - === Starting script to check if frontserver and cori are running ===
2024-10-28 06:20:01 - Checking for frontserver process...
2024-10-28 06:20:01 - frontserver is already running.
2024-10-28 06:20:01 - Checking if port 3000 is being used by cori...
2024-10-28 06:20:01 - Port 3000 is already in use. cori is likely running.
2024-10-28 06:20:01 - === Script execution finished ===
2024-10-28 06:25:01 - === Starting script to check if frontserver and cori are running ===
2024-10-28 06:25:01 - Checking for frontserver process...
2024-10-28 06:25:01 - frontserver is already running.
2024-10-28 06:25:01 - Checking if port 3000 is being used by cori...
2024-10-28 06:25:01 - Port 3000 is already in use. cori is likely running.
2024-10-28 06:25:01 - === Script execution finished ===
2024-10-28 06:30:01 - === Starting script to check if frontserver and cori are running ===
2024-10-28 06:30:01 - Checking for frontserver process...
2024-10-28 06:30:01 - frontserver is already running.
2024-10-28 06:30:01 - Checking if port 3000 is being used by cori...
2024-10-28 06:30:01 - Port 3000 is already in use. cori is likely running.
2024-10-28 06:30:01 - === Script execution finished ===
2024-10-28 06:35:01 - === Starting script to check if frontserver and cori are running ===
2024-10-28 06:35:01 - Checking for frontserver process...
2024-10-28 06:35:01 - frontserver is already running.
2024-10-28 06:35:01 - Checking if port 3000 is being used by cori...
2024-10-28 06:35:02 - Port 3000 is already in use. cori is likely running.
2024-10-28 06:35:02 - === Script execution finished ===
2024-10-28 06:40:01 - === Starting script to check if frontserver and cori are running ===
2024-10-28 06:40:01 - Checking for frontserver process...
2024-10-28 06:40:01 - frontserver is already running.
2024-10-28 06:40:01 - Checking if port 3000 is being used by cori...
2024-10-28 06:40:01 - Port 3000 is already in use. cori is likely running.
2024-10-28 06:40:01 - === Script execution finished ===
2024-10-28 06:45:01 - === Starting script to check if frontserver and cori are running ===
2024-10-28 06:45:01 - Checking for frontserver process...
2024-10-28 06:45:01 - frontserver is already running.
2024-10-28 06:45:01 - Checking if port 3000 is being used by cori...
2024-10-28 06:45:01 - Port 3000 is already in use. cori is likely running.
2024-10-28 06:45:01 - === Script execution finished ===
2024-10-28 06:50:01 - === Starting script to check if frontserver and cori are running ===
2024-10-28 06:50:01 - Checking for frontserver process...
2024-10-28 06:50:01 - frontserver is already running.
2024-10-28 06:50:01 - Checking if port 3000 is being used by cori...
2024-10-28 06:50:01 - Port 3000 is already in use. cori is likely running.
2024-10-28 06:50:01 - === Script execution finished ===
2024-10-28 06:55:01 - === Starting script to check if frontserver and cori are running ===
2024-10-28 06:55:01 - Checking for frontserver process...
2024-10-28 06:55:01 - frontserver is already running.
2024-10-28 06:55:01 - Checking if port 3000 is being used by cori...
2024-10-28 06:55:01 - Port 3000 is already in use. cori is likely running.
2024-10-28 06:55:01 - === Script execution finished ===
2024-10-28 07:00:01 - === Starting script to check if frontserver and cori are running ===
2024-10-28 07:00:01 - Checking for frontserver process...
2024-10-28 07:00:02 - frontserver is already running.
2024-10-28 07:00:02 - Checking if port 3000 is being used by cori...
2024-10-28 07:00:02 - Port 3000 is already in use. cori is likely running.
2024-10-28 07:00:02 - === Script execution finished ===
2024-10-28 07:05:01 - === Starting script to check if frontserver and cori are running ===
2024-10-28 07:05:01 - Checking for frontserver process...
2024-10-28 07:05:01 - frontserver is already running.
2024-10-28 07:05:01 - Checking if port 3000 is being used by cori...
2024-10-28 07:05:01 - Port 3000 is already in use. cori is likely running.
2024-10-28 07:05:01 - === Script execution finished ===
2024-10-28 07:10:01 - === Starting script to check if frontserver and cori are running ===
2024-10-28 07:10:01 - Checking for frontserver process...
2024-10-28 07:10:01 - frontserver is already running.
2024-10-28 07:10:01 - Checking if port 3000 is being used by cori...
2024-10-28 07:10:01 - Port 3000 is already in use. cori is likely running.
2024-10-28 07:10:01 - === Script execution finished ===
2024-10-28 07:15:01 - === Starting script to check if frontserver and cori are running ===
2024-10-28 07:15:01 - Checking for frontserver process...
2024-10-28 07:15:01 - frontserver is already running.
2024-10-28 07:15:01 - Checking if port 3000 is being used by cori...
2024-10-28 07:15:02 - Port 3000 is already in use. cori is likely running.
2024-10-28 07:15:02 - === Script execution finished ===
2024-10-28 07:20:01 - === Starting script to check if frontserver and cori are running ===
2024-10-28 07:20:01 - Checking for frontserver process...
2024-10-28 07:20:02 - frontserver is already running.
2024-10-28 07:20:02 - Checking if port 3000 is being used by cori...
2024-10-28 07:20:02 - Port 3000 is already in use. cori is likely running.
2024-10-28 07:20:02 - === Script execution finished ===
2024-10-28 07:25:01 - === Starting script to check if frontserver and cori are running ===
2024-10-28 07:25:01 - Checking for frontserver process...
2024-10-28 07:25:01 - frontserver is already running.
2024-10-28 07:25:01 - Checking if port 3000 is being used by cori...
2024-10-28 07:25:01 - Port 3000 is already in use. cori is likely running.
2024-10-28 07:25:01 - === Script execution finished ===
2024-10-28 07:30:01 - === Starting script to check if frontserver and cori are running ===
2024-10-28 07:30:01 - Checking for frontserver process...
2024-10-28 07:30:01 - frontserver is already running.
2024-10-28 07:30:01 - Checking if port 3000 is being used by cori...
2024-10-28 07:30:01 - Port 3000 is already in use. cori is likely running.
2024-10-28 07:30:01 - === Script execution finished ===
2024-10-28 07:35:01 - === Starting script to check if frontserver and cori are running ===
2024-10-28 07:35:01 - Checking for frontserver process...
2024-10-28 07:35:01 - frontserver is already running.
2024-10-28 07:35:01 - Checking if port 3000 is being used by cori...
2024-10-28 07:35:01 - Port 3000 is already in use. cori is likely running.
2024-10-28 07:35:01 - === Script execution finished ===
2024-10-28 07:40:01 - === Starting script to check if frontserver and cori are running ===
2024-10-28 07:40:01 - Checking for frontserver process...
2024-10-28 07:40:01 - frontserver is already running.
2024-10-28 07:40:01 - Checking if port 3000 is being used by cori...
2024-10-28 07:40:01 - Port 3000 is already in use. cori is likely running.
2024-10-28 07:40:01 - === Script execution finished ===
2024-10-28 07:45:01 - === Starting script to check if frontserver and cori are running ===
2024-10-28 07:45:01 - Checking for frontserver process...
2024-10-28 07:45:01 - frontserver is already running.
2024-10-28 07:45:01 - Checking if port 3000 is being used by cori...
2024-10-28 07:45:01 - Port 3000 is already in use. cori is likely running.
2024-10-28 07:45:01 - === Script execution finished ===
2024-10-28 07:50:01 - === Starting script to check if frontserver and cori are running ===
2024-10-28 07:50:01 - Checking for frontserver process...
2024-10-28 07:50:01 - frontserver is already running.
2024-10-28 07:50:01 - Checking if port 3000 is being used by cori...
2024-10-28 07:50:01 - Port 3000 is already in use. cori is likely running.
2024-10-28 07:50:01 - === Script execution finished ===
2024-10-28 07:55:01 - === Starting script to check if frontserver and cori are running ===
2024-10-28 07:55:01 - Checking for frontserver process...
2024-10-28 07:55:01 - frontserver is already running.
2024-10-28 07:55:01 - Checking if port 3000 is being used by cori...
2024-10-28 07:55:01 - Port 3000 is already in use. cori is likely running.
2024-10-28 07:55:01 - === Script execution finished ===
2024-10-28 08:00:01 - === Starting script to check if frontserver and cori are running ===
2024-10-28 08:00:01 - Checking for frontserver process...
2024-10-28 08:00:01 - frontserver is already running.
2024-10-28 08:00:01 - Checking if port 3000 is being used by cori...
2024-10-28 08:00:01 - Port 3000 is already in use. cori is likely running.
2024-10-28 08:00:01 - === Script execution finished ===
2024-10-28 08:05:01 - === Starting script to check if frontserver and cori are running ===
2024-10-28 08:05:01 - Checking for frontserver process...
2024-10-28 08:05:01 - frontserver is already running.
2024-10-28 08:05:01 - Checking if port 3000 is being used by cori...
2024-10-28 08:05:02 - Port 3000 is already in use. cori is likely running.
2024-10-28 08:05:02 - === Script execution finished ===
2024-10-28 08:10:01 - === Starting script to check if frontserver and cori are running ===
2024-10-28 08:10:01 - Checking for frontserver process...
2024-10-28 08:10:01 - frontserver is already running.
2024-10-28 08:10:01 - Checking if port 3000 is being used by cori...
2024-10-28 08:10:01 - Port 3000 is already in use. cori is likely running.
2024-10-28 08:10:01 - === Script execution finished ===
2024-10-28 08:15:01 - === Starting script to check if frontserver and cori are running ===
2024-10-28 08:15:01 - Checking for frontserver process...
2024-10-28 08:15:01 - frontserver is already running.
2024-10-28 08:15:01 - Checking if port 3000 is being used by cori...
2024-10-28 08:15:01 - Port 3000 is already in use. cori is likely running.
2024-10-28 08:15:01 - === Script execution finished ===
2024-10-28 08:20:01 - === Starting script to check if frontserver and cori are running ===
2024-10-28 08:20:01 - Checking for frontserver process...
2024-10-28 08:20:01 - frontserver is already running.
2024-10-28 08:20:01 - Checking if port 3000 is being used by cori...
2024-10-28 08:20:01 - Port 3000 is already in use. cori is likely running.
2024-10-28 08:20:01 - === Script execution finished ===
2024-10-28 08:25:01 - === Starting script to check if frontserver and cori are running ===
2024-10-28 08:25:01 - Checking for frontserver process...
2024-10-28 08:25:01 - frontserver is already running.
2024-10-28 08:25:01 - Checking if port 3000 is being used by cori...
2024-10-28 08:25:01 - Port 3000 is already in use. cori is likely running.
2024-10-28 08:25:01 - === Script execution finished ===
2024-10-28 08:30:01 - === Starting script to check if frontserver and cori are running ===
2024-10-28 08:30:01 - Checking for frontserver process...
2024-10-28 08:30:01 - frontserver is already running.
2024-10-28 08:30:01 - Checking if port 3000 is being used by cori...
2024-10-28 08:30:01 - Port 3000 is already in use. cori is likely running.
2024-10-28 08:30:01 - === Script execution finished ===
2024-10-28 08:35:01 - === Starting script to check if frontserver and cori are running ===
2024-10-28 08:35:01 - Checking for frontserver process...
2024-10-28 08:35:01 - frontserver is already running.
2024-10-28 08:35:01 - Checking if port 3000 is being used by cori...
2024-10-28 08:35:02 - Port 3000 is already in use. cori is likely running.
2024-10-28 08:35:02 - === Script execution finished ===
2024-10-28 08:40:01 - === Starting script to check if frontserver and cori are running ===
2024-10-28 08:40:01 - Checking for frontserver process...
2024-10-28 08:40:01 - frontserver is already running.
2024-10-28 08:40:01 - Checking if port 3000 is being used by cori...
2024-10-28 08:40:01 - Port 3000 is already in use. cori is likely running.
2024-10-28 08:40:01 - === Script execution finished ===
2024-10-28 08:45:01 - === Starting script to check if frontserver and cori are running ===
2024-10-28 08:45:01 - Checking for frontserver process...
2024-10-28 08:45:01 - frontserver is already running.
2024-10-28 08:45:01 - Checking if port 3000 is being used by cori...
2024-10-28 08:45:01 - Port 3000 is already in use. cori is likely running.
2024-10-28 08:45:01 - === Script execution finished ===
2024-10-28 08:50:01 - === Starting script to check if frontserver and cori are running ===
2024-10-28 08:50:01 - Checking for frontserver process...
2024-10-28 08:50:01 - frontserver is already running.
2024-10-28 08:50:01 - Checking if port 3000 is being used by cori...
2024-10-28 08:50:01 - Port 3000 is already in use. cori is likely running.
2024-10-28 08:50:01 - === Script execution finished ===
2024-10-28 08:55:01 - === Starting script to check if frontserver and cori are running ===
2024-10-28 08:55:01 - Checking for frontserver process...
2024-10-28 08:55:01 - frontserver is already running.
2024-10-28 08:55:01 - Checking if port 3000 is being used by cori...
2024-10-28 08:55:01 - Port 3000 is already in use. cori is likely running.
2024-10-28 08:55:01 - === Script execution finished ===
2024-10-28 09:00:01 - === Starting script to check if frontserver and cori are running ===
2024-10-28 09:00:01 - Checking for frontserver process...
2024-10-28 09:00:01 - frontserver is already running.
2024-10-28 09:00:01 - Checking if port 3000 is being used by cori...
2024-10-28 09:00:02 - Port 3000 is already in use. cori is likely running.
2024-10-28 09:00:02 - === Script execution finished ===
2024-10-28 09:05:01 - === Starting script to check if frontserver and cori are running ===
2024-10-28 09:05:01 - Checking for frontserver process...
2024-10-28 09:05:01 - frontserver is already running.
2024-10-28 09:05:01 - Checking if port 3000 is being used by cori...
2024-10-28 09:05:01 - Port 3000 is already in use. cori is likely running.
2024-10-28 09:05:01 - === Script execution finished ===
2024-10-28 09:10:01 - === Starting script to check if frontserver and cori are running ===
2024-10-28 09:10:01 - Checking for frontserver process...
2024-10-28 09:10:01 - frontserver is already running.
2024-10-28 09:10:01 - Checking if port 3000 is being used by cori...
2024-10-28 09:10:02 - Port 3000 is already in use. cori is likely running.
2024-10-28 09:10:02 - === Script execution finished ===
2024-10-28 09:15:01 - === Starting script to check if frontserver and cori are running ===
2024-10-28 09:15:01 - Checking for frontserver process...
2024-10-28 09:15:01 - frontserver is already running.
2024-10-28 09:15:01 - Checking if port 3000 is being used by cori...
2024-10-28 09:15:01 - Port 3000 is already in use. cori is likely running.
2024-10-28 09:15:01 - === Script execution finished ===
2024-10-28 09:20:01 - === Starting script to check if frontserver and cori are running ===
2024-10-28 09:20:01 - Checking for frontserver process...
2024-10-28 09:20:01 - frontserver is already running.
2024-10-28 09:20:01 - Checking if port 3000 is being used by cori...
2024-10-28 09:20:01 - Port 3000 is already in use. cori is likely running.
2024-10-28 09:20:01 - === Script execution finished ===
2024-10-28 09:25:01 - === Starting script to check if frontserver and cori are running ===
2024-10-28 09:25:01 - Checking for frontserver process...
2024-10-28 09:25:01 - frontserver is already running.
2024-10-28 09:25:01 - Checking if port 3000 is being used by cori...
2024-10-28 09:25:01 - Port 3000 is already in use. cori is likely running.
2024-10-28 09:25:01 - === Script execution finished ===
2024-10-28 09:30:01 - === Starting script to check if frontserver and cori are running ===
2024-10-28 09:30:01 - Checking for frontserver process...
2024-10-28 09:30:01 - frontserver is already running.
2024-10-28 09:30:01 - Checking if port 3000 is being used by cori...
2024-10-28 09:30:02 - Port 3000 is already in use. cori is likely running.
2024-10-28 09:30:02 - === Script execution finished ===
2024-10-28 09:35:01 - === Starting script to check if frontserver and cori are running ===
2024-10-28 09:35:01 - Checking for frontserver process...
2024-10-28 09:35:01 - frontserver is already running.
2024-10-28 09:35:01 - Checking if port 3000 is being used by cori...
2024-10-28 09:35:01 - Port 3000 is already in use. cori is likely running.
2024-10-28 09:35:01 - === Script execution finished ===
2024-10-28 09:40:01 - === Starting script to check if frontserver and cori are running ===
2024-10-28 09:40:01 - Checking for frontserver process...
2024-10-28 09:40:01 - frontserver is already running.
2024-10-28 09:40:01 - Checking if port 3000 is being used by cori...
2024-10-28 09:40:01 - Port 3000 is already in use. cori is likely running.
2024-10-28 09:40:01 - === Script execution finished ===
2024-10-28 09:45:01 - === Starting script to check if frontserver and cori are running ===
2024-10-28 09:45:01 - Checking for frontserver process...
2024-10-28 09:45:01 - frontserver is already running.
2024-10-28 09:45:01 - Checking if port 3000 is being used by cori...
2024-10-28 09:45:01 - Port 3000 is already in use. cori is likely running.
2024-10-28 09:45:01 - === Script execution finished ===
2024-10-28 09:50:01 - === Starting script to check if frontserver and cori are running ===
2024-10-28 09:50:01 - Checking for frontserver process...
2024-10-28 09:50:01 - frontserver is already running.
2024-10-28 09:50:01 - Checking if port 3000 is being used by cori...
2024-10-28 09:50:01 - Port 3000 is already in use. cori is likely running.
2024-10-28 09:50:01 - === Script execution finished ===
2024-10-28 09:55:01 - === Starting script to check if frontserver and cori are running ===
2024-10-28 09:55:01 - Checking for frontserver process...
2024-10-28 09:55:01 - frontserver is already running.
2024-10-28 09:55:01 - Checking if port 3000 is being used by cori...
2024-10-28 09:55:01 - Port 3000 is already in use. cori is likely running.
2024-10-28 09:55:01 - === Script execution finished ===
2024-10-28 10:00:01 - === Starting script to check if frontserver and cori are running ===
2024-10-28 10:00:01 - Checking for frontserver process...
2024-10-28 10:00:01 - frontserver is already running.
2024-10-28 10:00:01 - Checking if port 3000 is being used by cori...
2024-10-28 10:00:01 - Port 3000 is already in use. cori is likely running.
2024-10-28 10:00:01 - === Script execution finished ===
2024-10-28 10:05:01 - === Starting script to check if frontserver and cori are running ===
2024-10-28 10:05:01 - Checking for frontserver process...
2024-10-28 10:05:01 - frontserver is already running.
2024-10-28 10:05:01 - Checking if port 3000 is being used by cori...
2024-10-28 10:05:01 - Port 3000 is already in use. cori is likely running.
2024-10-28 10:05:01 - === Script execution finished ===
2024-10-28 10:10:01 - === Starting script to check if frontserver and cori are running ===
2024-10-28 10:10:01 - Checking for frontserver process...
2024-10-28 10:10:01 - frontserver is already running.
2024-10-28 10:10:01 - Checking if port 3000 is being used by cori...
2024-10-28 10:10:01 - Port 3000 is already in use. cori is likely running.
2024-10-28 10:10:01 - === Script execution finished ===
2024-10-28 10:15:01 - === Starting script to check if frontserver and cori are running ===
2024-10-28 10:15:01 - Checking for frontserver process...
2024-10-28 10:15:01 - frontserver is already running.
2024-10-28 10:15:01 - Checking if port 3000 is being used by cori...
2024-10-28 10:15:02 - Port 3000 is already in use. cori is likely running.
2024-10-28 10:15:02 - === Script execution finished ===
2024-10-28 10:20:01 - === Starting script to check if frontserver and cori are running ===
2024-10-28 10:20:01 - Checking for frontserver process...
2024-10-28 10:20:01 - frontserver is already running.
2024-10-28 10:20:01 - Checking if port 3000 is being used by cori...
2024-10-28 10:20:01 - Port 3000 is already in use. cori is likely running.
2024-10-28 10:20:01 - === Script execution finished ===
2024-10-28 10:25:01 - === Starting script to check if frontserver and cori are running ===
2024-10-28 10:25:01 - Checking for frontserver process...
2024-10-28 10:25:01 - frontserver is already running.
2024-10-28 10:25:01 - Checking if port 3000 is being used by cori...
2024-10-28 10:25:01 - Port 3000 is already in use. cori is likely running.
2024-10-28 10:25:01 - === Script execution finished ===
2024-10-28 10:30:01 - === Starting script to check if frontserver and cori are running ===
2024-10-28 10:30:01 - Checking for frontserver process...
2024-10-28 10:30:01 - frontserver is already running.
2024-10-28 10:30:01 - Checking if port 3000 is being used by cori...
2024-10-28 10:30:01 - Port 3000 is already in use. cori is likely running.
2024-10-28 10:30:01 - === Script execution finished ===
2024-10-28 10:35:01 - === Starting script to check if frontserver and cori are running ===
2024-10-28 10:35:01 - Checking for frontserver process...
2024-10-28 10:35:01 - frontserver is already running.
2024-10-28 10:35:01 - Checking if port 3000 is being used by cori...
2024-10-28 10:35:01 - Port 3000 is already in use. cori is likely running.
2024-10-28 10:35:01 - === Script execution finished ===
2024-10-28 10:40:01 - === Starting script to check if frontserver and cori are running ===
2024-10-28 10:40:01 - Checking for frontserver process...
2024-10-28 10:40:02 - frontserver is already running.
2024-10-28 10:40:02 - Checking if port 3000 is being used by cori...
2024-10-28 10:40:02 - Port 3000 is already in use. cori is likely running.
2024-10-28 10:40:02 - === Script execution finished ===
2024-10-28 10:45:01 - === Starting script to check if frontserver and cori are running ===
2024-10-28 10:45:01 - Checking for frontserver process...
2024-10-28 10:45:01 - frontserver is already running.
2024-10-28 10:45:01 - Checking if port 3000 is being used by cori...
2024-10-28 10:45:01 - Port 3000 is already in use. cori is likely running.
2024-10-28 10:45:01 - === Script execution finished ===
2024-10-28 10:50:01 - === Starting script to check if frontserver and cori are running ===
2024-10-28 10:50:01 - Checking for frontserver process...
2024-10-28 10:50:02 - frontserver is already running.
2024-10-28 10:50:02 - Checking if port 3000 is being used by cori...
2024-10-28 10:50:02 - Port 3000 is already in use. cori is likely running.
2024-10-28 10:50:02 - === Script execution finished ===
2024-10-28 10:55:01 - === Starting script to check if frontserver and cori are running ===
2024-10-28 10:55:01 - Checking for frontserver process...
2024-10-28 10:55:01 - frontserver is already running.
2024-10-28 10:55:01 - Checking if port 3000 is being used by cori...
2024-10-28 10:55:01 - Port 3000 is already in use. cori is likely running.
2024-10-28 10:55:01 - === Script execution finished ===
2024-10-28 11:00:01 - === Starting script to check if frontserver and cori are running ===
2024-10-28 11:00:01 - Checking for frontserver process...
2024-10-28 11:00:01 - frontserver is already running.
2024-10-28 11:00:01 - Checking if port 3000 is being used by cori...
2024-10-28 11:00:01 - Port 3000 is already in use. cori is likely running.
2024-10-28 11:00:01 - === Script execution finished ===
2024-10-28 11:05:01 - === Starting script to check if frontserver and cori are running ===
2024-10-28 11:05:01 - Checking for frontserver process...
2024-10-28 11:05:01 - frontserver is already running.
2024-10-28 11:05:01 - Checking if port 3000 is being used by cori...
2024-10-28 11:05:01 - Port 3000 is already in use. cori is likely running.
2024-10-28 11:05:01 - === Script execution finished ===
2024-10-28 11:10:01 - === Starting script to check if frontserver and cori are running ===
2024-10-28 11:10:01 - Checking for frontserver process...
2024-10-28 11:10:01 - frontserver is already running.
2024-10-28 11:10:01 - Checking if port 3000 is being used by cori...
2024-10-28 11:10:01 - Port 3000 is already in use. cori is likely running.
2024-10-28 11:10:01 - === Script execution finished ===
2024-10-28 11:15:01 - === Starting script to check if frontserver and cori are running ===
2024-10-28 11:15:01 - Checking for frontserver process...
2024-10-28 11:15:01 - frontserver is already running.
2024-10-28 11:15:01 - Checking if port 3000 is being used by cori...
2024-10-28 11:15:02 - Port 3000 is already in use. cori is likely running.
2024-10-28 11:15:02 - === Script execution finished ===
2024-10-28 11:20:01 - === Starting script to check if frontserver and cori are running ===
2024-10-28 11:20:01 - Checking for frontserver process...
2024-10-28 11:20:01 - frontserver is already running.
2024-10-28 11:20:01 - Checking if port 3000 is being used by cori...
2024-10-28 11:20:01 - Port 3000 is already in use. cori is likely running.
2024-10-28 11:20:01 - === Script execution finished ===
2024-10-28 11:25:01 - === Starting script to check if frontserver and cori are running ===
2024-10-28 11:25:01 - Checking for frontserver process...
2024-10-28 11:25:01 - frontserver is already running.
2024-10-28 11:25:01 - Checking if port 3000 is being used by cori...
2024-10-28 11:25:01 - Port 3000 is already in use. cori is likely running.
2024-10-28 11:25:01 - === Script execution finished ===
2024-10-28 11:30:01 - === Starting script to check if frontserver and cori are running ===
2024-10-28 11:30:01 - Checking for frontserver process...
2024-10-28 11:30:01 - frontserver is already running.
2024-10-28 11:30:01 - Checking if port 3000 is being used by cori...
2024-10-28 11:30:01 - Port 3000 is already in use. cori is likely running.
2024-10-28 11:30:01 - === Script execution finished ===
2024-10-28 11:35:01 - === Starting script to check if frontserver and cori are running ===
2024-10-28 11:35:01 - Checking for frontserver process...
2024-10-28 11:35:01 - frontserver is already running.
2024-10-28 11:35:01 - Checking if port 3000 is being used by cori...
2024-10-28 11:35:01 - Port 3000 is already in use. cori is likely running.
2024-10-28 11:35:01 - === Script execution finished ===
2024-10-28 11:40:01 - === Starting script to check if frontserver and cori are running ===
2024-10-28 11:40:01 - Checking for frontserver process...
2024-10-28 11:40:01 - frontserver is already running.
2024-10-28 11:40:01 - Checking if port 3000 is being used by cori...
2024-10-28 11:40:02 - Port 3000 is already in use. cori is likely running.
2024-10-28 11:40:02 - === Script execution finished ===
2024-10-28 11:45:01 - === Starting script to check if frontserver and cori are running ===
2024-10-28 11:45:01 - Checking for frontserver process...
2024-10-28 11:45:01 - frontserver is already running.
2024-10-28 11:45:01 - Checking if port 3000 is being used by cori...
2024-10-28 11:45:01 - Port 3000 is already in use. cori is likely running.
2024-10-28 11:45:01 - === Script execution finished ===
2024-10-28 11:50:01 - === Starting script to check if frontserver and cori are running ===
2024-10-28 11:50:01 - Checking for frontserver process...
2024-10-28 11:50:01 - frontserver is already running.
2024-10-28 11:50:01 - Checking if port 3000 is being used by cori...
2024-10-28 11:50:02 - Port 3000 is already in use. cori is likely running.
2024-10-28 11:50:02 - === Script execution finished ===
2024-10-28 11:55:01 - === Starting script to check if frontserver and cori are running ===
2024-10-28 11:55:01 - Checking for frontserver process...
2024-10-28 11:55:01 - frontserver is already running.
2024-10-28 11:55:01 - Checking if port 3000 is being used by cori...
2024-10-28 11:55:01 - Port 3000 is already in use. cori is likely running.
2024-10-28 11:55:01 - === Script execution finished ===
2024-10-28 12:00:01 - === Starting script to check if frontserver and cori are running ===
2024-10-28 12:00:01 - Checking for frontserver process...
2024-10-28 12:00:02 - frontserver is already running.
2024-10-28 12:00:02 - Checking if port 3000 is being used by cori...
2024-10-28 12:00:02 - Port 3000 is already in use. cori is likely running.
2024-10-28 12:00:02 - === Script execution finished ===
2024-10-28 12:05:01 - === Starting script to check if frontserver and cori are running ===
2024-10-28 12:05:01 - Checking for frontserver process...
2024-10-28 12:05:01 - frontserver is already running.
2024-10-28 12:05:01 - Checking if port 3000 is being used by cori...
2024-10-28 12:05:01 - Port 3000 is already in use. cori is likely running.
2024-10-28 12:05:01 - === Script execution finished ===
2024-10-28 12:10:01 - === Starting script to check if frontserver and cori are running ===
2024-10-28 12:10:01 - Checking for frontserver process...
2024-10-28 12:10:02 - frontserver is already running.
2024-10-28 12:10:02 - Checking if port 3000 is being used by cori...
2024-10-28 12:10:02 - Port 3000 is already in use. cori is likely running.
2024-10-28 12:10:02 - === Script execution finished ===
2024-10-28 12:15:01 - === Starting script to check if frontserver and cori are running ===
2024-10-28 12:15:01 - Checking for frontserver process...
2024-10-28 12:15:01 - frontserver is already running.
2024-10-28 12:15:01 - Checking if port 3000 is being used by cori...
2024-10-28 12:15:01 - Port 3000 is already in use. cori is likely running.
2024-10-28 12:15:01 - === Script execution finished ===
2024-10-28 12:20:02 - === Starting script to check if frontserver and cori are running ===
2024-10-28 12:20:02 - Checking for frontserver process...
2024-10-28 12:20:02 - frontserver is already running.
2024-10-28 12:20:02 - Checking if port 3000 is being used by cori...
2024-10-28 12:20:02 - Port 3000 is already in use. cori is likely running.
2024-10-28 12:20:02 - === Script execution finished ===
2024-10-28 12:25:01 - === Starting script to check if frontserver and cori are running ===
2024-10-28 12:25:01 - Checking for frontserver process...
2024-10-28 12:25:01 - frontserver is already running.
2024-10-28 12:25:01 - Checking if port 3000 is being used by cori...
2024-10-28 12:25:01 - Port 3000 is already in use. cori is likely running.
2024-10-28 12:25:01 - === Script execution finished ===
2024-10-28 12:30:01 - === Starting script to check if frontserver and cori are running ===
2024-10-28 12:30:01 - Checking for frontserver process...
2024-10-28 12:30:01 - frontserver is already running.
2024-10-28 12:30:01 - Checking if port 3000 is being used by cori...
2024-10-28 12:30:02 - Port 3000 is already in use. cori is likely running.
2024-10-28 12:30:02 - === Script execution finished ===
2024-10-28 12:35:01 - === Starting script to check if frontserver and cori are running ===
2024-10-28 12:35:01 - Checking for frontserver process...
2024-10-28 12:35:01 - frontserver is already running.
2024-10-28 12:35:01 - Checking if port 3000 is being used by cori...
2024-10-28 12:35:01 - Port 3000 is already in use. cori is likely running.
2024-10-28 12:35:01 - === Script execution finished ===
2024-10-28 12:40:01 - === Starting script to check if frontserver and cori are running ===
2024-10-28 12:40:02 - Checking for frontserver process...
2024-10-28 12:40:02 - frontserver is already running.
2024-10-28 12:40:02 - Checking if port 3000 is being used by cori...
2024-10-28 12:40:02 - Port 3000 is already in use. cori is likely running.
2024-10-28 12:40:02 - === Script execution finished ===
2024-10-28 12:45:01 - === Starting script to check if frontserver and cori are running ===
2024-10-28 12:45:01 - Checking for frontserver process...
2024-10-28 12:45:01 - frontserver is already running.
2024-10-28 12:45:01 - Checking if port 3000 is being used by cori...
2024-10-28 12:45:01 - Port 3000 is already in use. cori is likely running.
2024-10-28 12:45:01 - === Script execution finished ===
2024-10-28 12:50:01 - === Starting script to check if frontserver and cori are running ===
2024-10-28 12:50:01 - Checking for frontserver process...
2024-10-28 12:50:01 - frontserver is already running.
2024-10-28 12:50:01 - Checking if port 3000 is being used by cori...
2024-10-28 12:50:01 - Port 3000 is already in use. cori is likely running.
2024-10-28 12:50:01 - === Script execution finished ===
2024-10-28 12:55:01 - === Starting script to check if frontserver and cori are running ===
2024-10-28 12:55:01 - Checking for frontserver process...
2024-10-28 12:55:01 - frontserver is already running.
2024-10-28 12:55:01 - Checking if port 3000 is being used by cori...
2024-10-28 12:55:02 - Port 3000 is already in use. cori is likely running.
2024-10-28 12:55:02 - === Script execution finished ===
2024-10-28 13:00:01 - === Starting script to check if frontserver and cori are running ===
2024-10-28 13:00:01 - Checking for frontserver process...
2024-10-28 13:00:01 - frontserver is already running.
2024-10-28 13:00:01 - Checking if port 3000 is being used by cori...
2024-10-28 13:00:01 - Port 3000 is already in use. cori is likely running.
2024-10-28 13:00:01 - === Script execution finished ===
2024-10-28 13:05:01 - === Starting script to check if frontserver and cori are running ===
2024-10-28 13:05:01 - Checking for frontserver process...
2024-10-28 13:05:01 - frontserver is already running.
2024-10-28 13:05:01 - Checking if port 3000 is being used by cori...
2024-10-28 13:05:01 - Port 3000 is already in use. cori is likely running.
2024-10-28 13:05:01 - === Script execution finished ===
2024-10-28 13:10:01 - === Starting script to check if frontserver and cori are running ===
2024-10-28 13:10:01 - Checking for frontserver process...
2024-10-28 13:10:01 - frontserver is already running.
2024-10-28 13:10:01 - Checking if port 3000 is being used by cori...
2024-10-28 13:10:01 - Port 3000 is already in use. cori is likely running.
2024-10-28 13:10:01 - === Script execution finished ===
2024-10-28 13:15:01 - === Starting script to check if frontserver and cori are running ===
2024-10-28 13:15:01 - Checking for frontserver process...
2024-10-28 13:15:01 - frontserver is already running.
2024-10-28 13:15:01 - Checking if port 3000 is being used by cori...
2024-10-28 13:15:01 - Port 3000 is already in use. cori is likely running.
2024-10-28 13:15:01 - === Script execution finished ===
2024-10-28 13:20:01 - === Starting script to check if frontserver and cori are running ===
2024-10-28 13:20:01 - Checking for frontserver process...
2024-10-28 13:20:02 - frontserver is already running.
2024-10-28 13:20:02 - Checking if port 3000 is being used by cori...
2024-10-28 13:20:02 - Port 3000 is already in use. cori is likely running.
2024-10-28 13:20:02 - === Script execution finished ===
2024-10-28 13:25:01 - === Starting script to check if frontserver and cori are running ===
2024-10-28 13:25:01 - Checking for frontserver process...
2024-10-28 13:25:01 - frontserver is already running.
2024-10-28 13:25:01 - Checking if port 3000 is being used by cori...
2024-10-28 13:25:01 - Port 3000 is already in use. cori is likely running.
2024-10-28 13:25:01 - === Script execution finished ===
2024-10-28 13:30:01 - === Starting script to check if frontserver and cori are running ===
2024-10-28 13:30:01 - Checking for frontserver process...
2024-10-28 13:30:02 - frontserver is already running.
2024-10-28 13:30:02 - Checking if port 3000 is being used by cori...
2024-10-28 13:30:02 - Port 3000 is already in use. cori is likely running.
2024-10-28 13:30:02 - === Script execution finished ===
2024-10-28 13:35:01 - === Starting script to check if frontserver and cori are running ===
2024-10-28 13:35:01 - Checking for frontserver process...
2024-10-28 13:35:01 - frontserver is already running.
2024-10-28 13:35:01 - Checking if port 3000 is being used by cori...
2024-10-28 13:35:01 - Port 3000 is already in use. cori is likely running.
2024-10-28 13:35:01 - === Script execution finished ===
2024-10-28 13:40:01 - === Starting script to check if frontserver and cori are running ===
2024-10-28 13:40:01 - Checking for frontserver process...
2024-10-28 13:40:01 - frontserver is already running.
2024-10-28 13:40:01 - Checking if port 3000 is being used by cori...
2024-10-28 13:40:01 - Port 3000 is already in use. cori is likely running.
2024-10-28 13:40:01 - === Script execution finished ===
2024-10-28 13:45:01 - === Starting script to check if frontserver and cori are running ===
2024-10-28 13:45:01 - Checking for frontserver process...
2024-10-28 13:45:01 - frontserver is already running.
2024-10-28 13:45:01 - Checking if port 3000 is being used by cori...
2024-10-28 13:45:02 - Port 3000 is already in use. cori is likely running.
2024-10-28 13:45:02 - === Script execution finished ===
2024-10-28 13:50:01 - === Starting script to check if frontserver and cori are running ===
2024-10-28 13:50:01 - Checking for frontserver process...
2024-10-28 13:50:01 - frontserver is already running.
2024-10-28 13:50:01 - Checking if port 3000 is being used by cori...
2024-10-28 13:50:02 - Port 3000 is already in use. cori is likely running.
2024-10-28 13:50:02 - === Script execution finished ===
2024-10-28 13:51:32 - === Starting script to check if frontserver and cori are running ===
2024-10-28 13:51:32 - Checking for frontserver process...
2024-10-28 13:51:32 - frontserver is already running.
2024-10-28 13:51:32 - Checking if port 3000 is being used by cori...
2024-10-28 13:51:32 - Port 3000 is not in use. Starting cori with nohup...
2024-10-28 13:51:32 - cori started with nohup.
2024-10-28 13:51:32 - === Script execution finished ===
2024-10-28 13:52:11 - === Starting script to check if frontserver and cori are running ===
2024-10-28 13:52:11 - Checking for frontserver process...
2024-10-28 13:52:11 - frontserver is already running.
2024-10-28 13:52:11 - Checking if port 3000 is being used by cori...
2024-10-28 13:52:11 - Port 3000 is not in use. Starting cori with nohup...
2024-10-28 13:52:11 - cori started with nohup.
2024-10-28 13:52:11 - === Script execution finished ===
2024-10-28 13:55:01 - === Starting script to check if frontserver and cori are running ===
2024-10-28 13:55:01 - Checking for frontserver process...
2024-10-28 13:55:01 - frontserver is already running.
2024-10-28 13:55:01 - Checking if port 3000 is being used by cori...
2024-10-28 13:55:01 - Port 3000 is already in use. cori is likely running.
2024-10-28 13:55:01 - === Script execution finished ===
2024-10-28 13:57:32 - === Starting script to check if frontserver and cori are running ===
2024-10-28 13:57:32 - Checking for frontserver process...
2024-10-28 13:57:32 - frontserver is already running.
2024-10-28 13:57:32 - Checking if port 3000 is being used by cori...
2024-10-28 13:57:32 - Port 3000 is not in use. Starting cori with nohup...
2024-10-28 13:57:32 - cori started with nohup.
2024-10-28 13:57:32 - === Script execution finished ===
2024-10-28 14:00:01 - === Starting script to check if frontserver and cori are running ===
2024-10-28 14:00:01 - Checking for frontserver process...
2024-10-28 14:00:01 - frontserver is already running.
2024-10-28 14:00:01 - Checking if port 3000 is being used by cori...
2024-10-28 14:00:02 - Port 3000 is already in use. cori is likely running.
2024-10-28 14:00:02 - === Script execution finished ===
2024-10-28 14:01:06 - === Starting script to check if frontserver and cori are running ===
2024-10-28 14:01:06 - Checking for frontserver process...
2024-10-28 14:01:06 - frontserver is already running.
2024-10-28 14:01:06 - Checking if port 3000 is being used by cori...
2024-10-28 14:01:07 - Port 3000 is not in use. Starting cori with nohup...
2024-10-28 14:01:07 - cori started with nohup.
2024-10-28 14:01:07 - === Script execution finished ===
2024-10-28 14:05:01 - === Starting script to check if frontserver and cori are running ===
2024-10-28 14:05:01 - Checking for frontserver process...
2024-10-28 14:05:01 - frontserver is already running.
2024-10-28 14:05:01 - Checking if port 3000 is being used by cori...
2024-10-28 14:05:01 - Port 3000 is already in use. cori is likely running.
2024-10-28 14:05:01 - === Script execution finished ===
2024-10-28 14:10:02 - === Starting script to check if frontserver and cori are running ===
2024-10-28 14:10:02 - Checking for frontserver process...
2024-10-28 14:10:02 - frontserver is already running.
2024-10-28 14:10:02 - Checking if port 3000 is being used by cori...
2024-10-28 14:10:02 - Port 3000 is already in use. cori is likely running.
2024-10-28 14:10:02 - === Script execution finished ===
2024-10-28 14:15:01 - === Starting script to check if frontserver and cori are running ===
2024-10-28 14:15:01 - Checking for frontserver process...
2024-10-28 14:15:01 - frontserver is already running.
2024-10-28 14:15:01 - Checking if port 3000 is being used by cori...
2024-10-28 14:15:02 - Port 3000 is already in use. cori is likely running.
2024-10-28 14:15:02 - === Script execution finished ===
2024-10-28 14:20:01 - === Starting script to check if frontserver and cori are running ===
2024-10-28 14:20:01 - Checking for frontserver process...
2024-10-28 14:20:01 - frontserver is already running.
2024-10-28 14:20:01 - Checking if port 3000 is being used by cori...
2024-10-28 14:20:01 - Port 3000 is already in use. cori is likely running.
2024-10-28 14:20:01 - === Script execution finished ===
2024-10-28 14:25:01 - === Starting script to check if frontserver and cori are running ===
2024-10-28 14:25:01 - Checking for frontserver process...
2024-10-28 14:25:01 - frontserver is already running.
2024-10-28 14:25:01 - Checking if port 3000 is being used by cori...
2024-10-28 14:25:02 - Port 3000 is already in use. cori is likely running.
2024-10-28 14:25:02 - === Script execution finished ===
2024-10-28 14:30:01 - === Starting script to check if frontserver and cori are running ===
2024-10-28 14:30:01 - Checking for frontserver process...
2024-10-28 14:30:01 - frontserver is already running.
2024-10-28 14:30:01 - Checking if port 3000 is being used by cori...
2024-10-28 14:30:01 - Port 3000 is already in use. cori is likely running.
2024-10-28 14:30:01 - === Script execution finished ===
2024-10-28 14:35:01 - === Starting script to check if frontserver and cori are running ===
2024-10-28 14:35:01 - Checking for frontserver process...
2024-10-28 14:35:01 - frontserver is already running.
2024-10-28 14:35:01 - Checking if port 3000 is being used by cori...
2024-10-28 14:35:01 - Port 3000 is already in use. cori is likely running.
2024-10-28 14:35:01 - === Script execution finished ===
2024-10-28 14:40:01 - === Starting script to check if frontserver and cori are running ===
2024-10-28 14:40:01 - Checking for frontserver process...
2024-10-28 14:40:01 - frontserver is already running.
2024-10-28 14:40:01 - Checking if port 3000 is being used by cori...
2024-10-28 14:40:01 - Port 3000 is already in use. cori is likely running.
2024-10-28 14:40:01 - === Script execution finished ===
